<?xml version="1.0" encoding="UTF-8"?>
<!-- Generated by org.testng.reporters.JUnitXMLReporter -->
<testsuite ignored="2" hostname="MacBook-Pro.home" failures="1" tests="1" name="PersonalLoan" time="0.01" errors="0" timestamp="2024-07-30T11:04:20 PDT">
  <testcase classname="andoorathodi.SeleniumTestNGJuly2024.PersonalLoan" name="mobileLoan" time="0.0">
    <failure type="org.testng.TestNGException" message="
Parameter &amp;apos;brand&amp;apos; is required by @Test on method mobileLoan but has not been marked @Optional or defined
in /Users/Nabeel/eclipse-workspace/SeleniumTestNGJuly2024/testng2.xml">
      <![CDATA[org.testng.TestNGException: 
Parameter 'brand' is required by @Test on method mobileLoan but has not been marked @Optional or defined
in /Users/Nabeel/eclipse-workspace/SeleniumTestNGJuly2024/testng2.xml
at java.base/java.util.ArrayList.forEach(ArrayList.java:1596)
... Removed 30 stack frames]]>
    </failure>
  </testcase> <!-- mobileLoan -->
  <testcase classname="andoorathodi.SeleniumTestNGJuly2024.PersonalLoan" name="laptopLoan" time="0.0">
    <ignored/>
  </testcase> <!-- laptopLoan -->
  <testcase classname="andoorathodi.SeleniumTestNGJuly2024.PersonalLoan" name="watchesLoan" time="0.0">
    <ignored/>
  </testcase> <!-- watchesLoan -->
</testsuite> <!-- PersonalLoan -->
